[INFO ] 2024-02-17 20:46:55.628 [main] StepDef - url is opened
[INFO ] 2024-02-17 20:46:55.834 [main] StepDef - email and password is entered
[INFO ] 2024-02-17 20:46:55.950 [main] StepDef - login button clicked
[WARN ] 2024-02-17 20:46:55.964 [main] StepDef - Test Passed:home page url is matched....
[INFO ] 2024-02-17 20:46:56.130 [main] StepDef - browser is closed
[INFO ] 2024-02-19 16:34:53.600 [main] StepDef - url is opened
[INFO ] 2024-02-19 16:34:53.821 [main] StepDef - email and password is entered
[INFO ] 2024-02-19 16:34:53.930 [main] StepDef - login button clicked
[WARN ] 2024-02-19 16:34:53.941 [main] StepDef - Test Passed:home page url is matched....
[INFO ] 2024-02-19 16:34:54.119 [main] StepDef - browser is closed
[INFO ] 2024-02-19 16:34:56.549 [main] StepDef - url is opened
[INFO ] 2024-02-19 16:34:56.734 [main] StepDef - email and password is entered
[INFO ] 2024-02-19 16:34:56.824 [main] StepDef - login button clicked
[WARN ] 2024-02-19 16:34:56.838 [main] StepDef - Test Passed:home page url is matched....
[INFO ] 2024-02-19 16:34:56.977 [main] StepDef - browser is closed
[INFO ] 2024-02-19 16:34:59.851 [main] StepDef - url is opened
[INFO ] 2024-02-19 16:35:00.079 [main] StepDef - email and password is entered
[INFO ] 2024-02-19 16:35:00.147 [main] StepDef - login button clicked
[WARN ] 2024-02-19 16:35:00.160 [main] StepDef - Test Failed:home page url is not matched....
[INFO ] 2024-02-19 16:35:03.506 [main] StepDef - url is opened
[INFO ] 2024-02-19 16:35:03.726 [main] StepDef - email and password is entered
[INFO ] 2024-02-19 16:35:03.790 [main] StepDef - login button clicked
[WARN ] 2024-02-19 16:35:03.799 [main] StepDef - Test Failed:home page url is not matched....
[INFO ] 2024-02-19 16:37:14.931 [main] StepDef - url is opened
[INFO ] 2024-02-19 16:37:15.124 [main] StepDef - email and password is entered
[INFO ] 2024-02-19 16:37:15.206 [main] StepDef - login button clicked
[WARN ] 2024-02-19 16:37:15.217 [main] StepDef - Test Passed:home page url is matched....
[INFO ] 2024-02-19 16:37:15.366 [main] StepDef - browser is closed
[INFO ] 2024-02-19 16:37:18.282 [main] StepDef - url is opened
[INFO ] 2024-02-19 16:37:18.487 [main] StepDef - email and password is entered
[INFO ] 2024-02-19 16:37:18.563 [main] StepDef - login button clicked
[WARN ] 2024-02-19 16:37:18.574 [main] StepDef - Test Passed:home page url is matched....
[INFO ] 2024-02-19 16:37:18.767 [main] StepDef - browser is closed
[INFO ] 2024-02-19 16:37:20.759 [main] StepDef - url is opened
[INFO ] 2024-02-19 16:37:20.929 [main] StepDef - email and password is entered
[INFO ] 2024-02-19 16:37:21.042 [main] StepDef - login button clicked
[WARN ] 2024-02-19 16:37:21.062 [main] StepDef - Test Passed:home page url is matched....
[INFO ] 2024-02-19 16:37:21.209 [main] StepDef - browser is closed
[INFO ] 2024-02-19 16:37:23.065 [main] StepDef - url is opened
[INFO ] 2024-02-19 16:37:23.225 [main] StepDef - email and password is entered
[INFO ] 2024-02-19 16:37:23.293 [main] StepDef - login button clicked
[WARN ] 2024-02-19 16:37:23.302 [main] StepDef - Test Failed:home page url is not matched....
[INFO ] 2024-02-19 16:46:31.721 [main] StepDef - url is opened
[INFO ] 2024-02-19 16:46:31.936 [main] StepDef - email and password is entered
[INFO ] 2024-02-19 16:46:32.041 [main] StepDef - login button clicked
[WARN ] 2024-02-19 16:46:32.063 [main] StepDef - Test Passed:home page url is matched....
[INFO ] 2024-02-19 16:46:32.389 [main] StepDef - browser is closed
[INFO ] 2024-02-19 16:46:34.265 [main] StepDef - url is opened
[INFO ] 2024-02-19 16:46:34.473 [main] StepDef - email and password is entered
[INFO ] 2024-02-19 16:46:34.589 [main] StepDef - login button clicked
[WARN ] 2024-02-19 16:46:34.609 [main] StepDef - Test Passed:home page url is matched....
[INFO ] 2024-02-19 16:46:34.796 [main] StepDef - browser is closed
[INFO ] 2024-02-19 16:46:38.070 [main] StepDef - url is opened
[INFO ] 2024-02-19 16:46:38.326 [main] StepDef - email and password is entered
[INFO ] 2024-02-19 16:46:38.410 [main] StepDef - login button clicked
[WARN ] 2024-02-19 16:46:38.425 [main] StepDef - Test Passed:home page url is matched....
[INFO ] 2024-02-19 16:46:38.609 [main] StepDef - browser is closed
[INFO ] 2024-02-19 16:46:41.225 [main] StepDef - url is opened
[INFO ] 2024-02-19 16:46:41.480 [main] StepDef - email and password is entered
[INFO ] 2024-02-19 16:46:41.529 [main] StepDef - login button clicked
[WARN ] 2024-02-19 16:46:41.542 [main] StepDef - Test Failed:home page url is not matched....
[INFO ] 2024-02-19 16:59:48.327 [main] StepDef - url is opened
[INFO ] 2024-02-19 16:59:48.569 [main] StepDef - email and password is entered
[INFO ] 2024-02-19 16:59:48.653 [main] StepDef - login button clicked
[WARN ] 2024-02-19 16:59:48.674 [main] StepDef - Test Passed:home page url is matched....
[INFO ] 2024-02-19 16:59:48.955 [main] StepDef - browser is closed
[INFO ] 2024-02-19 16:59:51.427 [main] StepDef - url is opened
[INFO ] 2024-02-19 16:59:51.639 [main] StepDef - email and password is entered
[INFO ] 2024-02-19 16:59:51.748 [main] StepDef - login button clicked
[WARN ] 2024-02-19 16:59:51.757 [main] StepDef - Test Passed:home page url is matched....
[INFO ] 2024-02-19 16:59:51.980 [main] StepDef - browser is closed
[INFO ] 2024-02-19 16:59:54.134 [main] StepDef - url is opened
[INFO ] 2024-02-19 16:59:54.336 [main] StepDef - email and password is entered
[INFO ] 2024-02-19 16:59:54.432 [main] StepDef - login button clicked
[WARN ] 2024-02-19 16:59:54.441 [main] StepDef - Test Passed:home page url is matched....
[INFO ] 2024-02-19 16:59:54.632 [main] StepDef - browser is closed
[INFO ] 2024-02-19 16:59:56.748 [main] StepDef - url is opened
[INFO ] 2024-02-19 16:59:56.930 [main] StepDef - email and password is entered
[INFO ] 2024-02-19 16:59:56.991 [main] StepDef - login button clicked
[WARN ] 2024-02-19 16:59:57.002 [main] StepDef - Test Failed:home page url is not matched....
[INFO ] 2024-02-19 17:00:00.359 [main] StepDef - url is opened
[INFO ] 2024-02-19 17:00:00.576 [main] StepDef - email and password is entered
[INFO ] 2024-02-19 17:00:00.652 [main] StepDef - login button clicked
[INFO ] 2024-02-19 17:05:12.955 [main] StepDef - url is opened
[INFO ] 2024-02-19 17:05:13.146 [main] StepDef - email and password is entered
[INFO ] 2024-02-19 17:05:13.218 [main] StepDef - login button clicked
[WARN ] 2024-02-19 17:05:13.228 [main] StepDef - Test Passed:home page url is matched....
[INFO ] 2024-02-19 17:05:13.441 [main] StepDef - browser is closed
[INFO ] 2024-02-19 17:05:15.403 [main] StepDef - url is opened
[INFO ] 2024-02-19 17:05:15.574 [main] StepDef - email and password is entered
[INFO ] 2024-02-19 17:05:15.653 [main] StepDef - login button clicked
[WARN ] 2024-02-19 17:05:15.663 [main] StepDef - Test Passed:home page url is matched....
[INFO ] 2024-02-19 17:05:15.846 [main] StepDef - browser is closed
[INFO ] 2024-02-19 17:05:18.681 [main] StepDef - url is opened
[INFO ] 2024-02-19 17:05:18.887 [main] StepDef - email and password is entered
[INFO ] 2024-02-19 17:05:18.972 [main] StepDef - login button clicked
[WARN ] 2024-02-19 17:05:18.981 [main] StepDef - Test Passed:home page url is matched....
[INFO ] 2024-02-19 17:05:19.176 [main] StepDef - browser is closed
[INFO ] 2024-02-19 17:05:21.099 [main] StepDef - url is opened
[INFO ] 2024-02-19 17:05:21.275 [main] StepDef - email and password is entered
[INFO ] 2024-02-19 17:05:21.340 [main] StepDef - login button clicked
[WARN ] 2024-02-19 17:05:21.350 [main] StepDef - Test Failed:home page url is not matched....
[INFO ] 2024-02-19 17:05:23.471 [main] StepDef - url is opened
[INFO ] 2024-02-19 17:05:23.590 [main] StepDef - email and password is entered
[INFO ] 2024-02-19 17:05:23.649 [main] StepDef - login button clicked
[WARN ] 2024-02-19 17:05:23.677 [main] StepDef - Test Passed:login page error message is matched....
[INFO ] 2024-02-19 17:05:23.859 [main] StepDef - browser is closed
[INFO ] 2024-02-19 17:11:25.070 [main] StepDef - url is opened
[INFO ] 2024-02-19 17:11:25.241 [main] StepDef - email and password is entered
[INFO ] 2024-02-19 17:11:25.342 [main] StepDef - login button clicked
[WARN ] 2024-02-19 17:11:25.361 [main] StepDef - Test Passed:home page url is matched....
[INFO ] 2024-02-19 17:11:25.555 [main] StepDef - browser is closed
[INFO ] 2024-02-19 17:11:28.363 [main] StepDef - url is opened
[INFO ] 2024-02-19 17:11:28.575 [main] StepDef - email and password is entered
[INFO ] 2024-02-19 17:11:28.660 [main] StepDef - login button clicked
[WARN ] 2024-02-19 17:11:28.666 [main] StepDef - Test Passed:home page url is matched....
[INFO ] 2024-02-19 17:11:28.846 [main] StepDef - browser is closed
[INFO ] 2024-02-19 17:11:30.840 [main] StepDef - url is opened
[INFO ] 2024-02-19 17:11:31.014 [main] StepDef - email and password is entered
[INFO ] 2024-02-19 17:11:31.085 [main] StepDef - login button clicked
[WARN ] 2024-02-19 17:11:31.093 [main] StepDef - Test Passed:home page url is matched....
[INFO ] 2024-02-19 17:11:31.235 [main] StepDef - browser is closed
[INFO ] 2024-02-19 17:11:33.019 [main] StepDef - url is opened
[INFO ] 2024-02-19 17:11:33.198 [main] StepDef - email and password is entered
[INFO ] 2024-02-19 17:11:33.254 [main] StepDef - login button clicked
[WARN ] 2024-02-19 17:11:33.262 [main] StepDef - Test Failed:home page url is not matched....
[INFO ] 2024-02-19 17:11:35.737 [main] StepDef - url is opened
[INFO ] 2024-02-19 17:11:35.847 [main] StepDef - email and password is entered
[INFO ] 2024-02-19 17:11:35.911 [main] StepDef - login button clicked
[WARN ] 2024-02-19 17:11:35.945 [main] StepDef - Test Passed:login page error message is matched....
[INFO ] 2024-02-19 17:11:36.133 [main] StepDef - browser is closed
[INFO ] 2024-02-19 17:11:38.016 [main] StepDef - url is opened
[INFO ] 2024-02-19 17:11:38.172 [main] StepDef - email and password is entered
[INFO ] 2024-02-19 17:11:38.233 [main] StepDef - login button clicked
[INFO ] 2024-02-19 17:14:14.297 [main] StepDef - url is opened
[INFO ] 2024-02-19 17:14:14.479 [main] StepDef - email and password is entered
[INFO ] 2024-02-19 17:14:14.560 [main] StepDef - login button clicked
[WARN ] 2024-02-19 17:14:14.571 [main] StepDef - Test Passed:home page url is matched....
[INFO ] 2024-02-19 17:14:14.829 [main] StepDef - browser is closed
[INFO ] 2024-02-19 17:14:16.680 [main] StepDef - url is opened
[INFO ] 2024-02-19 17:14:16.843 [main] StepDef - email and password is entered
[INFO ] 2024-02-19 17:14:16.928 [main] StepDef - login button clicked
[WARN ] 2024-02-19 17:14:16.938 [main] StepDef - Test Passed:home page url is matched....
[INFO ] 2024-02-19 17:14:17.200 [main] StepDef - browser is closed
[INFO ] 2024-02-19 17:14:19.060 [main] StepDef - url is opened
[INFO ] 2024-02-19 17:14:19.227 [main] StepDef - email and password is entered
[INFO ] 2024-02-19 17:14:19.305 [main] StepDef - login button clicked
[WARN ] 2024-02-19 17:14:19.318 [main] StepDef - Test Passed:home page url is matched....
[INFO ] 2024-02-19 17:14:19.506 [main] StepDef - browser is closed
[INFO ] 2024-02-19 17:14:22.332 [main] StepDef - url is opened
[INFO ] 2024-02-19 17:14:22.532 [main] StepDef - email and password is entered
[INFO ] 2024-02-19 17:14:22.592 [main] StepDef - login button clicked
[WARN ] 2024-02-19 17:14:22.601 [main] StepDef - Test Failed:home page url is not matched....
[INFO ] 2024-02-19 17:14:24.939 [main] StepDef - url is opened
[INFO ] 2024-02-19 17:14:25.056 [main] StepDef - email and password is entered
[INFO ] 2024-02-19 17:14:25.109 [main] StepDef - login button clicked
[WARN ] 2024-02-19 17:14:25.135 [main] StepDef - Test Passed:login page error message is matched....
[INFO ] 2024-02-19 17:14:25.319 [main] StepDef - browser is closed
[INFO ] 2024-02-19 17:14:28.013 [main] StepDef - url is opened
[INFO ] 2024-02-19 17:14:28.198 [main] StepDef - email and password is entered
[INFO ] 2024-02-19 17:14:28.256 [main] StepDef - login button clicked
[INFO ] 2024-02-19 17:16:48.156 [main] StepDef - url is opened
[INFO ] 2024-02-19 17:16:48.347 [main] StepDef - email and password is entered
[INFO ] 2024-02-19 17:16:48.434 [main] StepDef - login button clicked
[WARN ] 2024-02-19 17:16:48.444 [main] StepDef - Test Passed:home page url is matched....
[INFO ] 2024-02-19 17:16:48.644 [main] StepDef - browser is closed
[INFO ] 2024-02-19 17:16:50.500 [main] StepDef - url is opened
[INFO ] 2024-02-19 17:16:50.685 [main] StepDef - email and password is entered
[INFO ] 2024-02-19 17:16:50.774 [main] StepDef - login button clicked
[WARN ] 2024-02-19 17:16:50.783 [main] StepDef - Test Passed:home page url is matched....
[INFO ] 2024-02-19 17:16:51.009 [main] StepDef - browser is closed
[INFO ] 2024-02-19 17:16:53.026 [main] StepDef - url is opened
[INFO ] 2024-02-19 17:16:53.196 [main] StepDef - email and password is entered
[INFO ] 2024-02-19 17:16:53.273 [main] StepDef - login button clicked
[WARN ] 2024-02-19 17:16:53.290 [main] StepDef - Test Passed:home page url is matched....
[INFO ] 2024-02-19 17:16:53.470 [main] StepDef - browser is closed
[INFO ] 2024-02-19 17:16:55.348 [main] StepDef - url is opened
[INFO ] 2024-02-19 17:16:55.520 [main] StepDef - email and password is entered
[INFO ] 2024-02-19 17:16:55.583 [main] StepDef - login button clicked
[WARN ] 2024-02-19 17:16:55.594 [main] StepDef - Test Failed:home page url is not matched....
[INFO ] 2024-02-19 17:16:57.800 [main] StepDef - url is opened
[INFO ] 2024-02-19 17:16:57.915 [main] StepDef - email and password is entered
[INFO ] 2024-02-19 17:16:57.971 [main] StepDef - login button clicked
[WARN ] 2024-02-19 17:16:57.999 [main] StepDef - Test Passed:login page error message is matched....
[INFO ] 2024-02-19 17:16:58.186 [main] StepDef - browser is closed
[INFO ] 2024-02-19 17:17:00.134 [main] StepDef - url is opened
[INFO ] 2024-02-19 17:17:00.287 [main] StepDef - email and password is entered
[INFO ] 2024-02-19 17:17:00.344 [main] StepDef - login button clicked
[WARN ] 2024-02-19 17:17:00.366 [main] StepDef - Test Passed:login page error message is matched....
[INFO ] 2024-02-19 17:17:00.547 [main] StepDef - browser is closed
[INFO ] 2024-02-23 16:41:14.253 [main] StepDef - url is opened
[INFO ] 2024-02-23 16:41:14.511 [main] StepDef - email and password is entered
[INFO ] 2024-02-23 16:41:14.650 [main] StepDef - login button clicked
[WARN ] 2024-02-23 16:41:14.668 [main] StepDef - Test Passed:home page url is matched....
[INFO ] 2024-02-23 16:41:15.004 [main] StepDef - browser is closed
[INFO ] 2024-02-23 16:41:39.126 [main] StepDef - url is opened
[INFO ] 2024-02-23 16:41:39.358 [main] StepDef - email and password is entered
[INFO ] 2024-02-23 16:41:39.502 [main] StepDef - login button clicked
[WARN ] 2024-02-23 16:41:39.540 [main] StepDef - Test Passed:home page url is matched....
[INFO ] 2024-02-23 16:41:39.803 [main] StepDef - browser is closed
[INFO ] 2024-02-23 16:42:06.984 [main] StepDef - url is opened
[INFO ] 2024-02-23 16:42:07.267 [main] StepDef - email and password is entered
[INFO ] 2024-02-23 16:42:07.439 [main] StepDef - login button clicked
[WARN ] 2024-02-23 16:42:07.512 [main] StepDef - Test Passed:home page url is matched....
[INFO ] 2024-02-23 16:42:07.812 [main] StepDef - browser is closed
[INFO ] 2024-02-23 16:42:32.450 [main] StepDef - url is opened
[INFO ] 2024-02-23 16:42:32.748 [main] StepDef - email and password is entered
[INFO ] 2024-02-23 16:42:32.829 [main] StepDef - login button clicked
[WARN ] 2024-02-23 16:42:32.835 [main] StepDef - Test Failed:home page url is not matched....
[INFO ] 2024-02-23 16:42:58.134 [main] StepDef - url is opened
[INFO ] 2024-02-23 16:42:58.284 [main] StepDef - email and password is entered
[INFO ] 2024-02-23 16:42:58.353 [main] StepDef - login button clicked
[WARN ] 2024-02-23 16:42:58.395 [main] StepDef - Test Passed:login page error message is matched....
[INFO ] 2024-02-23 16:42:58.580 [main] StepDef - browser is closed
[INFO ] 2024-02-23 16:43:23.035 [main] StepDef - url is opened
[INFO ] 2024-02-23 16:43:23.245 [main] StepDef - email and password is entered
[INFO ] 2024-02-23 16:43:23.334 [main] StepDef - login button clicked
[WARN ] 2024-02-23 16:43:23.385 [main] StepDef - Test Passed:login page error message is matched....
[INFO ] 2024-02-23 16:43:23.577 [main] StepDef - browser is closed
[INFO ] 2024-02-23 16:43:47.694 [main] StepDef - url is opened
[INFO ] 2024-02-23 16:43:47.896 [main] StepDef - email and password is entered
[INFO ] 2024-02-23 16:43:47.985 [main] StepDef - login button clicked
[WARN ] 2024-02-23 16:43:48.018 [main] StepDef - Test Passed:login page error message is matched....
[INFO ] 2024-02-23 16:43:48.328 [main] StepDef - browser is closed
[INFO ] 2024-02-23 16:44:55.703 [main] StepDef - url is opened
[INFO ] 2024-02-23 16:44:55.925 [main] StepDef - email and password is entered
[INFO ] 2024-02-23 16:44:56.019 [main] StepDef - login button clicked
[WARN ] 2024-02-23 16:44:56.030 [main] StepDef - Test Passed:home page url is matched....
[INFO ] 2024-02-23 16:44:56.309 [main] StepDef - browser is closed
[INFO ] 2024-02-23 16:44:58.838 [main] StepDef - url is opened
[INFO ] 2024-02-23 16:44:59.017 [main] StepDef - email and password is entered
[INFO ] 2024-02-23 16:44:59.097 [main] StepDef - login button clicked
[WARN ] 2024-02-23 16:44:59.111 [main] StepDef - Test Passed:home page url is matched....
[INFO ] 2024-02-23 16:44:59.412 [main] StepDef - browser is closed
[INFO ] 2024-02-23 16:45:01.973 [main] StepDef - url is opened
[INFO ] 2024-02-23 16:45:02.146 [main] StepDef - email and password is entered
[INFO ] 2024-02-23 16:45:02.239 [main] StepDef - login button clicked
[WARN ] 2024-02-23 16:45:02.251 [main] StepDef - Test Passed:home page url is matched....
[INFO ] 2024-02-23 16:45:02.474 [main] StepDef - browser is closed
[INFO ] 2024-02-23 16:45:04.871 [main] StepDef - url is opened
[INFO ] 2024-02-23 16:45:05.048 [main] StepDef - email and password is entered
[INFO ] 2024-02-23 16:45:05.101 [main] StepDef - login button clicked
[WARN ] 2024-02-23 16:45:05.114 [main] StepDef - Test Failed:home page url is not matched....
[INFO ] 2024-02-23 16:45:08.111 [main] StepDef - url is opened
[INFO ] 2024-02-23 16:45:08.260 [main] StepDef - email and password is entered
[INFO ] 2024-02-23 16:45:08.315 [main] StepDef - login button clicked
[WARN ] 2024-02-23 16:45:08.349 [main] StepDef - Test Passed:login page error message is matched....
[INFO ] 2024-02-23 16:45:08.539 [main] StepDef - browser is closed
[INFO ] 2024-02-23 16:45:11.582 [main] StepDef - url is opened
[INFO ] 2024-02-23 16:45:11.828 [main] StepDef - email and password is entered
[INFO ] 2024-02-23 16:45:11.887 [main] StepDef - login button clicked
[WARN ] 2024-02-23 16:45:11.919 [main] StepDef - Test Passed:login page error message is matched....
[INFO ] 2024-02-23 16:45:12.115 [main] StepDef - browser is closed
[INFO ] 2024-02-23 16:45:14.721 [main] StepDef - url is opened
[INFO ] 2024-02-23 16:45:14.897 [main] StepDef - email and password is entered
[INFO ] 2024-02-23 16:45:14.953 [main] StepDef - login button clicked
[WARN ] 2024-02-23 16:45:14.979 [main] StepDef - Test Passed:login page error message is matched....
[INFO ] 2024-02-23 16:45:15.167 [main] StepDef - browser is closed
[INFO ] 2024-02-23 16:47:42.503 [main] StepDef - url is opened
[INFO ] 2024-02-23 16:47:42.700 [main] StepDef - email and password is entered
[INFO ] 2024-02-23 16:47:42.772 [main] StepDef - login button clicked
[WARN ] 2024-02-23 16:47:42.783 [main] StepDef - Test Passed:home page url is matched....
[INFO ] 2024-02-23 16:47:43.043 [main] StepDef - browser is closed
[INFO ] 2024-02-23 16:47:46.701 [main] StepDef - url is opened
[INFO ] 2024-02-23 16:47:46.961 [main] StepDef - email and password is entered
[INFO ] 2024-02-23 16:47:47.037 [main] StepDef - login button clicked
[WARN ] 2024-02-23 16:47:47.047 [main] StepDef - Test Passed:home page url is matched....
[INFO ] 2024-02-23 16:47:47.261 [main] StepDef - browser is closed
[INFO ] 2024-02-23 16:47:50.903 [main] StepDef - url is opened
[INFO ] 2024-02-23 16:47:51.075 [main] StepDef - email and password is entered
[INFO ] 2024-02-23 16:47:51.156 [main] StepDef - login button clicked
[WARN ] 2024-02-23 16:47:51.167 [main] StepDef - Test Passed:home page url is matched....
[INFO ] 2024-02-23 16:47:51.348 [main] StepDef - browser is closed
[INFO ] 2024-02-23 16:47:54.708 [main] StepDef - url is opened
[INFO ] 2024-02-23 16:47:54.924 [main] StepDef - email and password is entered
[INFO ] 2024-02-23 16:47:54.990 [main] StepDef - login button clicked
[WARN ] 2024-02-23 16:47:55.000 [main] StepDef - Test Failed:home page url is not matched....
[INFO ] 2024-02-23 16:47:57.807 [main] StepDef - url is opened
[INFO ] 2024-02-23 16:47:57.958 [main] StepDef - email and password is entered
[INFO ] 2024-02-23 16:47:58.029 [main] StepDef - login button clicked
[WARN ] 2024-02-23 16:47:58.060 [main] StepDef - Test Passed:login page error message is matched....
[INFO ] 2024-02-23 16:47:58.237 [main] StepDef - browser is closed
[INFO ] 2024-02-23 16:48:01.550 [main] StepDef - url is opened
[INFO ] 2024-02-23 16:48:01.725 [main] StepDef - email and password is entered
[INFO ] 2024-02-23 16:48:01.786 [main] StepDef - login button clicked
[WARN ] 2024-02-23 16:48:01.814 [main] StepDef - Test Passed:login page error message is matched....
[INFO ] 2024-02-23 16:48:02.009 [main] StepDef - browser is closed
[INFO ] 2024-02-23 16:48:04.845 [main] StepDef - url is opened
[INFO ] 2024-02-23 16:48:05.052 [main] StepDef - email and password is entered
[INFO ] 2024-02-23 16:48:05.116 [main] StepDef - login button clicked
[WARN ] 2024-02-23 16:48:05.149 [main] StepDef - Test Passed:login page error message is matched....
[INFO ] 2024-02-23 16:48:05.407 [main] StepDef - browser is closed
[INFO ] 2024-02-23 16:51:02.130 [main] StepDef - url is opened
[INFO ] 2024-02-23 16:51:02.312 [main] StepDef - email and password is entered
[INFO ] 2024-02-23 16:51:02.402 [main] StepDef - login button clicked
[WARN ] 2024-02-23 16:51:02.411 [main] StepDef - Test Passed:home page url is matched....
[INFO ] 2024-02-23 16:51:02.677 [main] StepDef - browser is closed
[INFO ] 2024-02-23 16:51:05.162 [main] StepDef - url is opened
[INFO ] 2024-02-23 16:51:05.358 [main] StepDef - email and password is entered
[INFO ] 2024-02-23 16:51:05.439 [main] StepDef - login button clicked
[WARN ] 2024-02-23 16:51:05.447 [main] StepDef - Test Passed:home page url is matched....
[INFO ] 2024-02-23 16:51:05.679 [main] StepDef - browser is closed
[INFO ] 2024-02-23 16:51:08.461 [main] StepDef - url is opened
[INFO ] 2024-02-23 16:51:08.688 [main] StepDef - email and password is entered
[INFO ] 2024-02-23 16:51:08.773 [main] StepDef - login button clicked
[WARN ] 2024-02-23 16:51:08.782 [main] StepDef - Test Passed:home page url is matched....
[INFO ] 2024-02-23 16:51:09.012 [main] StepDef - browser is closed
[INFO ] 2024-02-23 16:51:11.529 [main] StepDef - url is opened
[INFO ] 2024-02-23 16:51:11.756 [main] StepDef - email and password is entered
[INFO ] 2024-02-23 16:51:11.819 [main] StepDef - login button clicked
[WARN ] 2024-02-23 16:51:11.826 [main] StepDef - Test Failed:home page url is not matched....
[INFO ] 2024-02-23 16:51:15.110 [main] StepDef - url is opened
[INFO ] 2024-02-23 16:51:15.375 [main] StepDef - email and password is entered
[INFO ] 2024-02-23 16:51:15.487 [main] StepDef - login button clicked
[WARN ] 2024-02-23 16:51:15.518 [main] StepDef - Test Passed:login page error message is matched....
[INFO ] 2024-02-23 16:51:15.704 [main] StepDef - browser is closed
[INFO ] 2024-02-23 16:51:18.168 [main] StepDef - url is opened
[INFO ] 2024-02-23 16:51:18.323 [main] StepDef - email and password is entered
[INFO ] 2024-02-23 16:51:18.385 [main] StepDef - login button clicked
[WARN ] 2024-02-23 16:51:18.412 [main] StepDef - Test Passed:login page error message is matched....
[INFO ] 2024-02-23 16:51:18.585 [main] StepDef - browser is closed
[INFO ] 2024-02-23 16:51:21.199 [main] StepDef - url is opened
[INFO ] 2024-02-23 16:51:21.377 [main] StepDef - email and password is entered
[INFO ] 2024-02-23 16:51:21.435 [main] StepDef - login button clicked
[INFO ] 2024-02-23 16:53:38.433 [main] StepDef - url is opened
[INFO ] 2024-02-23 16:53:38.648 [main] StepDef - email and password is entered
[INFO ] 2024-02-23 16:53:38.724 [main] StepDef - login button clicked
[WARN ] 2024-02-23 16:53:38.733 [main] StepDef - Test Passed:home page url is matched....
[INFO ] 2024-02-23 16:53:38.918 [main] StepDef - browser is closed
[INFO ] 2024-02-23 16:53:42.569 [main] StepDef - url is opened
[INFO ] 2024-02-23 16:53:42.776 [main] StepDef - email and password is entered
[INFO ] 2024-02-23 16:53:42.854 [main] StepDef - login button clicked
[WARN ] 2024-02-23 16:53:42.864 [main] StepDef - Test Passed:home page url is matched....
[INFO ] 2024-02-23 16:53:43.055 [main] StepDef - browser is closed
[INFO ] 2024-02-23 16:53:45.939 [main] StepDef - url is opened
[INFO ] 2024-02-23 16:53:46.203 [main] StepDef - email and password is entered
[INFO ] 2024-02-23 16:53:46.296 [main] StepDef - login button clicked
[WARN ] 2024-02-23 16:53:46.307 [main] StepDef - Test Passed:home page url is matched....
[INFO ] 2024-02-23 16:53:46.498 [main] StepDef - browser is closed
[INFO ] 2024-02-23 16:53:48.853 [main] StepDef - url is opened
[INFO ] 2024-02-23 16:53:49.031 [main] StepDef - email and password is entered
[INFO ] 2024-02-23 16:53:49.093 [main] StepDef - login button clicked
[WARN ] 2024-02-23 16:53:49.102 [main] StepDef - Test Failed:home page url is not matched....
[INFO ] 2024-02-23 16:53:52.119 [main] StepDef - url is opened
[INFO ] 2024-02-23 16:53:52.272 [main] StepDef - email and password is entered
[INFO ] 2024-02-23 16:53:52.328 [main] StepDef - login button clicked
[WARN ] 2024-02-23 16:53:52.353 [main] StepDef - Test Passed:login page error message is matched....
[INFO ] 2024-02-23 16:53:52.483 [main] StepDef - browser is closed
[INFO ] 2024-02-23 16:53:54.936 [main] StepDef - url is opened
[INFO ] 2024-02-23 16:53:55.111 [main] StepDef - email and password is entered
[INFO ] 2024-02-23 16:53:55.161 [main] StepDef - login button clicked
[WARN ] 2024-02-23 16:53:55.186 [main] StepDef - Test Passed:login page error message is matched....
[INFO ] 2024-02-23 16:53:55.363 [main] StepDef - browser is closed
[INFO ] 2024-02-23 16:53:57.992 [main] StepDef - url is opened
[INFO ] 2024-02-23 16:53:58.175 [main] StepDef - email and password is entered
[INFO ] 2024-02-23 16:53:58.231 [main] StepDef - login button clicked
[INFO ] 2024-02-23 16:56:35.196 [main] StepDef - url is opened
[INFO ] 2024-02-23 16:56:35.398 [main] StepDef - email and password is entered
[INFO ] 2024-02-23 16:56:35.476 [main] StepDef - login button clicked
[WARN ] 2024-02-23 16:56:35.490 [main] StepDef - Test Passed:home page url is matched....
[INFO ] 2024-02-23 16:56:35.739 [main] StepDef - browser is closed
[INFO ] 2024-02-23 16:56:38.083 [main] StepDef - url is opened
[INFO ] 2024-02-23 16:56:38.254 [main] StepDef - email and password is entered
[INFO ] 2024-02-23 16:56:38.354 [main] StepDef - login button clicked
[WARN ] 2024-02-23 16:56:38.365 [main] StepDef - Test Passed:home page url is matched....
[INFO ] 2024-02-23 16:56:38.552 [main] StepDef - browser is closed
[INFO ] 2024-02-23 16:56:41.045 [main] StepDef - url is opened
[INFO ] 2024-02-23 16:56:41.216 [main] StepDef - email and password is entered
[INFO ] 2024-02-23 16:56:41.292 [main] StepDef - login button clicked
[WARN ] 2024-02-23 16:56:41.305 [main] StepDef - Test Passed:home page url is matched....
[INFO ] 2024-02-23 16:56:41.486 [main] StepDef - browser is closed
[INFO ] 2024-02-23 16:56:44.095 [main] StepDef - url is opened
[INFO ] 2024-02-23 16:56:44.276 [main] StepDef - email and password is entered
[INFO ] 2024-02-23 16:56:44.354 [main] StepDef - login button clicked
[WARN ] 2024-02-23 16:56:44.365 [main] StepDef - Test Failed:home page url is not matched....
[INFO ] 2024-02-23 16:56:47.362 [main] StepDef - url is opened
[INFO ] 2024-02-23 16:56:47.493 [main] StepDef - email and password is entered
[INFO ] 2024-02-23 16:56:47.553 [main] StepDef - login button clicked
[WARN ] 2024-02-23 16:56:47.590 [main] StepDef - Test Passed:login page error message is matched....
[INFO ] 2024-02-23 16:56:47.771 [main] StepDef - browser is closed
[INFO ] 2024-02-23 16:56:50.504 [main] StepDef - url is opened
[INFO ] 2024-02-23 16:56:50.741 [main] StepDef - email and password is entered
[INFO ] 2024-02-23 16:56:50.797 [main] StepDef - login button clicked
[WARN ] 2024-02-23 16:56:50.821 [main] StepDef - Test Passed:login page error message is matched....
[INFO ] 2024-02-23 16:56:50.995 [main] StepDef - browser is closed
[INFO ] 2024-02-23 16:56:53.750 [main] StepDef - url is opened
[INFO ] 2024-02-23 16:56:53.994 [main] StepDef - email and password is entered
[INFO ] 2024-02-23 16:56:54.064 [main] StepDef - login button clicked
[WARN ] 2024-02-23 16:56:54.091 [main] StepDef - Test Passed:login page error message is matched....
[INFO ] 2024-02-23 16:56:54.273 [main] StepDef - browser is closed
[INFO ] 2024-02-23 17:10:40.262 [main] StepDef - url is opened
[INFO ] 2024-02-23 17:10:40.468 [main] StepDef - email and password is entered
[INFO ] 2024-02-23 17:10:40.556 [main] StepDef - login button clicked
[WARN ] 2024-02-23 17:10:40.572 [main] StepDef - Test Passed:home page url is matched....
[INFO ] 2024-02-23 17:31:16.731 [main] StepDef - url is opened
[INFO ] 2024-02-23 17:31:17.016 [main] StepDef - email and password is entered
[INFO ] 2024-02-23 17:31:17.093 [main] StepDef - login button clicked
[WARN ] 2024-02-23 17:31:17.112 [main] StepDef - Test Passed:home page url is matched....
[WARN ] 2024-02-23 17:31:17.371 [main] StepDef - Test Passed:Company name is matched....
[INFO ] 2024-02-23 17:31:17.566 [main] StepDef - browser is closed
[INFO ] 2024-02-26 16:41:16.394 [main] StepDef - url is opened
[INFO ] 2024-02-26 16:41:16.648 [main] StepDef - email and password is entered
[INFO ] 2024-02-26 16:41:16.778 [main] StepDef - login button clicked
[INFO ] 2024-02-26 16:47:41.727 [main] StepDef - url is opened
[INFO ] 2024-02-26 16:47:41.960 [main] StepDef - email and password is entered
[INFO ] 2024-02-26 16:47:42.067 [main] StepDef - login button clicked
[WARN ] 2024-02-26 16:47:42.115 [main] StepDef - Test Passed:product label is matched....
[INFO ] 2024-02-26 16:51:04.780 [main] StepDef - url is opened
[INFO ] 2024-02-26 16:51:04.971 [main] StepDef - email and password is entered
[INFO ] 2024-02-26 16:51:05.055 [main] StepDef - login button clicked
[WARN ] 2024-02-26 16:51:05.102 [main] StepDef - Test Passed:product label is matched....
[INFO ] 2024-02-26 16:51:07.335 [main] StepDef - url is opened
[INFO ] 2024-02-26 16:51:07.538 [main] StepDef - email and password is entered
[INFO ] 2024-02-26 16:51:07.620 [main] StepDef - login button clicked
[INFO ] 2024-02-26 16:55:04.909 [main] StepDef - url is opened
[INFO ] 2024-02-26 16:55:05.081 [main] StepDef - email and password is entered
[INFO ] 2024-02-26 16:55:05.172 [main] StepDef - login button clicked
[WARN ] 2024-02-26 16:55:05.206 [main] StepDef - Test Passed:product label is matched....
[INFO ] 2024-02-26 16:55:07.554 [main] StepDef - url is opened
[INFO ] 2024-02-26 16:55:07.754 [main] StepDef - email and password is entered
[INFO ] 2024-02-26 16:55:07.874 [main] StepDef - login button clicked
[WARN ] 2024-02-26 16:55:07.935 [main] StepDef - Test Passed:product sort option is displayed....
[INFO ] 2024-02-26 17:20:49.267 [main] StepDef - url is opened
[INFO ] 2024-02-26 17:20:49.498 [main] StepDef - email and password is entered
[INFO ] 2024-02-26 17:20:49.579 [main] StepDef - login button clicked
[WARN ] 2024-02-26 17:20:49.614 [main] StepDef - Test Passed:product label is matched....
[INFO ] 2024-02-26 17:20:51.902 [main] StepDef - url is opened
[INFO ] 2024-02-26 17:20:52.066 [main] StepDef - email and password is entered
[INFO ] 2024-02-26 17:20:52.147 [main] StepDef - login button clicked
[WARN ] 2024-02-26 17:20:52.229 [main] StepDef - Test Passed:product sort option is displayed....
[INFO ] 2024-02-26 17:20:55.542 [main] StepDef - url is opened
[INFO ] 2024-02-26 17:20:55.699 [main] StepDef - email and password is entered
[INFO ] 2024-02-26 17:20:55.784 [main] StepDef - login button clicked
[INFO ] 2024-02-26 17:59:38.365 [main] StepDef - url is opened
[INFO ] 2024-02-26 17:59:38.558 [main] StepDef - email and password is entered
[INFO ] 2024-02-26 17:59:38.648 [main] StepDef - login button clicked
[WARN ] 2024-02-26 17:59:38.688 [main] StepDef - Test Passed:product label is matched....
[INFO ] 2024-02-26 17:59:40.979 [main] StepDef - url is opened
[INFO ] 2024-02-26 17:59:41.156 [main] StepDef - email and password is entered
[INFO ] 2024-02-26 17:59:41.254 [main] StepDef - login button clicked
[WARN ] 2024-02-26 17:59:41.314 [main] StepDef - Test Passed:product sort option is displayed....
[INFO ] 2024-02-26 17:59:43.962 [main] StepDef - url is opened
[INFO ] 2024-02-26 17:59:44.130 [main] StepDef - email and password is entered
[INFO ] 2024-02-26 17:59:44.220 [main] StepDef - login button clicked
